Determining if the pthread_create exist failed with the following output:
Change Dir: /home/tim/Documents/Tim Saves/Dokumente/win_saves/Documents/Uppsala University/Spring 2018/Period 2/Computer Graphics/Project/HandIn/Littau/model_viewer/build/CMakeFiles/CMakeTmp

Run Build Command:"/usr/bin/make" "cmTC_71c88/fast"
/usr/bin/make -f CMakeFiles/cmTC_71c88.dir/build.make CMakeFiles/cmTC_71c88.dir/build
make[1]: Entering directory '/home/tim/Documents/Tim Saves/Dokumente/win_saves/Documents/Uppsala University/Spring 2018/Period 2/Computer Graphics/Project/HandIn/Littau/model_viewer/build/CMakeFiles/CMakeTmp'
Building C object CMakeFiles/cmTC_71c88.dir/CheckSymbolExists.c.o
/usr/bin/cc    -o CMakeFiles/cmTC_71c88.dir/CheckSymbolExists.c.o   -c "/home/tim/Documents/Tim Saves/Dokumente/win_saves/Documents/Uppsala University/Spring 2018/Period 2/Computer Graphics/Project/HandIn/Littau/model_viewer/build/CMakeFiles/CMakeTmp/CheckSymbolExists.c"
Linking C executable cmTC_71c88
/usr/bin/cmake -E cmake_link_script CMakeFiles/cmTC_71c88.dir/link.txt --verbose=1
/usr/bin/cc      -rdynamic CMakeFiles/cmTC_71c88.dir/CheckSymbolExists.c.o  -o cmTC_71c88 
/usr/bin/ld: CMakeFiles/cmTC_71c88.dir/CheckSymbolExists.c.o: in function `main':
CheckSymbolExists.c:(.text+0x1b): undefined reference to `pthread_create'
collect2: error: ld returned 1 exit status
make[1]: *** [CMakeFiles/cmTC_71c88.dir/build.make:87: cmTC_71c88] Error 1
make[1]: Leaving directory '/home/tim/Documents/Tim Saves/Dokumente/win_saves/Documents/Uppsala University/Spring 2018/Period 2/Computer Graphics/Project/HandIn/Littau/model_viewer/build/CMakeFiles/CMakeTmp'
make: *** [Makefile:121: cmTC_71c88/fast] Error 2

File /home/tim/Documents/Tim Saves/Dokumente/win_saves/Documents/Uppsala University/Spring 2018/Period 2/Computer Graphics/Project/HandIn/Littau/model_viewer/build/CMakeFiles/CMakeTmp/CheckSymbolExists.c:
/* */
#include <pthread.h>

int main(int argc, char** argv)
{
  (void)argv;
#ifndef pthread_create
  return ((int*)(&pthread_create))[argc];
#else
  (void)argc;
  return 0;
#endif
}

Determining if the function pthread_create exists in the pthreads failed with the following output:
Change Dir: /home/tim/Documents/Tim Saves/Dokumente/win_saves/Documents/Uppsala University/Spring 2018/Period 2/Computer Graphics/Project/HandIn/Littau/model_viewer/build/CMakeFiles/CMakeTmp

Run Build Command:"/usr/bin/make" "cmTC_11c68/fast"
/usr/bin/make -f CMakeFiles/cmTC_11c68.dir/build.make CMakeFiles/cmTC_11c68.dir/build
make[1]: Entering directory '/home/tim/Documents/Tim Saves/Dokumente/win_saves/Documents/Uppsala University/Spring 2018/Period 2/Computer Graphics/Project/HandIn/Littau/model_viewer/build/CMakeFiles/CMakeTmp'
Building C object CMakeFiles/cmTC_11c68.dir/CheckFunctionExists.c.o
/usr/bin/cc   -DCHECK_FUNCTION_EXISTS=pthread_create   -o CMakeFiles/cmTC_11c68.dir/CheckFunctionExists.c.o   -c /usr/share/cmake-3.13/Modules/CheckFunctionExists.c
Linking C executable cmTC_11c68
/usr/bin/cmake -E cmake_link_script CMakeFiles/cmTC_11c68.dir/link.txt --verbose=1
/usr/bin/cc  -DCHECK_FUNCTION_EXISTS=pthread_create    -rdynamic CMakeFiles/cmTC_11c68.dir/CheckFunctionExists.c.o  -o cmTC_11c68 -lpthreads 
/usr/bin/ld: cannot find -lpthreads
collect2: error: ld returned 1 exit status
make[1]: *** [CMakeFiles/cmTC_11c68.dir/build.make:87: cmTC_11c68] Error 1
make[1]: Leaving directory '/home/tim/Documents/Tim Saves/Dokumente/win_saves/Documents/Uppsala University/Spring 2018/Period 2/Computer Graphics/Project/HandIn/Littau/model_viewer/build/CMakeFiles/CMakeTmp'
make: *** [Makefile:121: cmTC_11c68/fast] Error 2


Determining if the function glXGetProcAddressEXT exists failed with the following output:
Change Dir: /home/tim/Documents/Tim Saves/Dokumente/win_saves/Documents/Uppsala University/Spring 2018/Period 2/Computer Graphics/Project/HandIn/Littau/model_viewer/build/CMakeFiles/CMakeTmp

Run Build Command:"/usr/bin/make" "cmTC_9b8ab/fast"
/usr/bin/make -f CMakeFiles/cmTC_9b8ab.dir/build.make CMakeFiles/cmTC_9b8ab.dir/build
make[1]: Entering directory '/home/tim/Documents/Tim Saves/Dokumente/win_saves/Documents/Uppsala University/Spring 2018/Period 2/Computer Graphics/Project/HandIn/Littau/model_viewer/build/CMakeFiles/CMakeTmp'
Building C object CMakeFiles/cmTC_9b8ab.dir/CheckFunctionExists.c.o
/usr/bin/cc   -DCHECK_FUNCTION_EXISTS=glXGetProcAddressEXT   -o CMakeFiles/cmTC_9b8ab.dir/CheckFunctionExists.c.o   -c /usr/share/cmake-3.13/Modules/CheckFunctionExists.c
Linking C executable cmTC_9b8ab
/usr/bin/cmake -E cmake_link_script CMakeFiles/cmTC_9b8ab.dir/link.txt --verbose=1
/usr/bin/cc  -DCHECK_FUNCTION_EXISTS=glXGetProcAddressEXT    -rdynamic CMakeFiles/cmTC_9b8ab.dir/CheckFunctionExists.c.o  -o cmTC_9b8ab /usr/lib/x86_64-linux-gnu/libGL.so 
/usr/bin/ld: CMakeFiles/cmTC_9b8ab.dir/CheckFunctionExists.c.o: in function `main':
CheckFunctionExists.c:(.text+0x10): undefined reference to `glXGetProcAddressEXT'
collect2: error: ld returned 1 exit status
make[1]: *** [CMakeFiles/cmTC_9b8ab.dir/build.make:88: cmTC_9b8ab] Error 1
make[1]: Leaving directory '/home/tim/Documents/Tim Saves/Dokumente/win_saves/Documents/Uppsala University/Spring 2018/Period 2/Computer Graphics/Project/HandIn/Littau/model_viewer/build/CMakeFiles/CMakeTmp'
make: *** [Makefile:121: cmTC_9b8ab/fast] Error 2


